<?xml version="1.0" encoding="utf-8"?><testsuites name="pytest tests"><testsuite name="pytest" errors="0" failures="0" skipped="0" tests="3" time="0.737" timestamp="2026-07-07T10:33:04.050523+09:00" hostname="DESKTOP-JS516ER"><testcase classname="tests.test_daily_status_push" name="test_create_daily_status_push" time="0.221" /><testcase classname="tests.test_daily_status_push" name="test_daily_status_push_admin_list_includes_created" time="0.168" /><testcase classname="tests.test_daily_status_push" name="test_daily_status_push_requires_auth" time="0.116" /></testsuite></testsuites>