<?xml version="1.0" encoding="utf-8"?><testsuites name="pytest tests"><testsuite name="pytest" errors="0" failures="0" skipped="0" tests="5" time="1.195" timestamp="2026-07-07T11:27:31.510906+09:00" hostname="DESKTOP-JS516ER"><testcase classname="tests.test_org_groups" name="test_org_group_crud" time="0.250" /><testcase classname="tests.test_org_groups" name="test_org_validate_and_deploy_clean" time="0.167" /><testcase classname="tests.test_org_groups" name="test_org_self_parent_rejected" time="0.140" /><testcase classname="tests.test_org_groups" name="test_org_crud_requires_admin" time="0.190" /><testcase classname="tests.test_org_groups" name="test_org_invalid_type" time="0.190" /></testsuite></testsuites>