<?xml version="1.0" encoding="utf-8"?><testsuites name="pytest tests"><testsuite name="pytest" errors="0" failures="0" skipped="0" tests="7" time="1.082" timestamp="2026-07-07T11:06:53.628060+09:00" hostname="DESKTOP-JS516ER"><testcase classname="tests.test_daily_status_push" name="test_create_daily_status_push" time="0.155" /><testcase classname="tests.test_daily_status_push" name="test_daily_status_push_admin_list_includes_created" time="0.130" /><testcase classname="tests.test_daily_status_push" name="test_daily_status_push_requires_auth" time="0.103" /><testcase classname="tests.test_daily_status_push" name="test_kpi_erp_push_target" time="0.105" /><testcase classname="tests.test_daily_status_push" name="test_invalid_target_rejected" time="0.100" /><testcase classname="tests.test_daily_status_push" name="test_retry_failed_push" time="0.112" /><testcase classname="tests.test_daily_status_push" name="test_retry_only_failed" time="0.107" /></testsuite></testsuites>