<?xml version="1.0" encoding="utf-8"?><testsuites name="pytest tests"><testsuite name="pytest" errors="0" failures="0" skipped="0" tests="6" time="0.402" timestamp="2026-07-07T11:18:41.907789+09:00" hostname="DESKTOP-JS516ER"><testcase classname="tests.test_office_layout_valid" name="test_collision_grid_cell_of_is_callable" time="0.001" /><testcase classname="tests.test_office_layout_valid" name="test_editor_layout_validates_without_errors" time="0.008" /><testcase classname="tests.test_office_layout_valid" name="test_empty_seats_layout_validates" time="0.007" /><testcase classname="tests.test_office_layout_valid" name="test_seat_without_matching_furniture_errors" time="0.006" /><testcase classname="tests.test_office_layout_valid" name="test_room_zone_wall_layout_validates" time="0.007" /><testcase classname="tests.test_office_layout_valid" name="test_room_missing_door_errors" time="0.008" /></testsuite></testsuites>