<?xml version="1.0" encoding="utf-8"?><testsuites name="pytest tests"><testsuite name="pytest" errors="0" failures="0" skipped="0" tests="30" time="6.817" timestamp="2026-07-07T10:59:20.271559+09:00" hostname="DESKTOP-JS516ER"><testcase classname="tests.test_meetings" name="test_create_meeting_success" time="0.279" /><testcase classname="tests.test_meetings" name="test_create_meeting_room_not_found" time="0.183" /><testcase classname="tests.test_meetings" name="test_create_meeting_room_time_conflict" time="0.276" /><testcase classname="tests.test_meetings" name="test_create_meeting_cancelled_no_conflict" time="0.228" /><testcase classname="tests.test_meetings" name="test_list_meetings" time="0.256" /><testcase classname="tests.test_meetings" name="test_list_meetings_date_filter" time="0.226" /><testcase classname="tests.test_meetings" name="test_get_meeting_detail" time="0.206" /><testcase classname="tests.test_meetings" name="test_get_meeting_not_found" time="0.147" /><testcase classname="tests.test_meetings" name="test_join_meeting" time="0.229" /><testcase classname="tests.test_meetings" name="test_join_meeting_upsert" time="0.232" /><testcase classname="tests.test_meetings" name="test_list_participants" time="0.215" /><testcase classname="tests.test_meetings" name="test_unauthenticated_401" time="0.173" /><testcase classname="tests.test_meeting_minutes" name="test_create_minute_success" time="0.196" /><testcase classname="tests.test_meeting_minutes" name="test_create_minute_meeting_not_found" time="0.190" /><testcase classname="tests.test_meeting_minutes" name="test_create_minute_duplicate_409" time="0.211" /><testcase classname="tests.test_meeting_minutes" name="test_list_minutes" time="0.253" /><testcase classname="tests.test_meeting_minutes" name="test_list_minutes_filter_by_meeting" time="0.216" /><testcase classname="tests.test_meeting_minutes" name="test_get_minute_detail" time="0.153" /><testcase classname="tests.test_meeting_minutes" name="test_get_minute_not_found" time="0.141" /><testcase classname="tests.test_meeting_minutes" name="test_patch_minute" time="0.144" /><testcase classname="tests.test_meeting_minutes" name="test_finalize_minute" time="0.143" /><testcase classname="tests.test_meeting_minutes" name="test_finalize_already_finalized_409" time="0.186" /><testcase classname="tests.test_meeting_minutes" name="test_patch_finalized_409" time="0.215" /><testcase classname="tests.test_meeting_minutes" name="test_stt_draft_501" time="0.224" /><testcase classname="tests.test_meeting_minutes" name="test_create_action_item" time="0.262" /><testcase classname="tests.test_meeting_minutes" name="test_list_action_items" time="0.228" /><testcase classname="tests.test_meeting_minutes" name="test_patch_action_item_complete_transition" time="0.211" /><testcase classname="tests.test_meeting_minutes" name="test_patch_action_item_fields" time="0.223" /><testcase classname="tests.test_meeting_minutes" name="test_action_item_not_found" time="0.190" /><testcase classname="tests.test_meeting_minutes" name="test_patch_minute_other_user_forbidden" time="0.189" /></testsuite></testsuites>