<?xml version="1.0" encoding="utf-8"?><testsuites name="pytest tests"><testsuite name="pytest" errors="0" failures="0" skipped="0" tests="5" time="0.957" timestamp="2026-07-07T10:51:46.016998+09:00" hostname="DESKTOP-JS516ER"><testcase classname="tests.test_daily_status_push" name="test_create_daily_status_push" time="0.194" /><testcase classname="tests.test_daily_status_push" name="test_daily_status_push_admin_list_includes_created" time="0.158" /><testcase classname="tests.test_daily_status_push" name="test_daily_status_push_requires_auth" time="0.123" /><testcase classname="tests.test_daily_status_push" name="test_kpi_erp_push_target" time="0.143" /><testcase classname="tests.test_daily_status_push" name="test_invalid_target_rejected" time="0.113" /></testsuite></testsuites>