<?xml version="1.0" encoding="utf-8"?><testsuites name="pytest tests"><testsuite name="pytest" errors="0" failures="0" skipped="0" tests="11" time="3.066" timestamp="2026-07-06T13:49:38.938139+09:00" hostname="DESKTOP-JS516ER"><testcase classname="tests.test_wa_livekit" name="test_jwt_iss_is_api_key" time="0.006" /><testcase classname="tests.test_wa_livekit" name="test_jwt_sub_contains_identity" time="0.001" /><testcase classname="tests.test_wa_livekit" name="test_jwt_video_grant_room_and_roomjoin" time="0.001" /><testcase classname="tests.test_wa_livekit" name="test_jwt_exp_is_in_future" time="0.001" /><testcase classname="tests.test_wa_livekit" name="test_token_endpoint_returns_valid_jwt" time="0.546" /><testcase classname="tests.test_wa_livekit" name="test_token_endpoint_sub_encodes_user_id" time="0.306" /><testcase classname="tests.test_wa_livekit" name="test_token_endpoint_creates_meeting_participant" time="0.300" /><testcase classname="tests.test_wa_livekit" name="test_token_endpoint_joined_at_is_recent" time="0.296" /><testcase classname="tests.test_wa_livekit" name="test_token_endpoint_upserts_on_duplicate" time="0.336" /><testcase classname="tests.test_wa_livekit" name="test_token_endpoint_missing_credentials_returns_503" time="0.307" /><testcase classname="tests.test_wa_livekit" name="test_token_endpoint_missing_field_returns_422" time="0.313" /></testsuite></testsuites>