<?xml version="1.0" encoding="utf-8"?><testsuites name="pytest tests"><testsuite name="pytest" errors="0" failures="0" skipped="0" tests="30" time="9.797" timestamp="2026-07-06T15:18:01.559496+09:00" hostname="DESKTOP-JS516ER"><testcase classname="tests.test_meetings" name="test_create_meeting_success" time="0.578" /><testcase classname="tests.test_meetings" name="test_create_meeting_room_not_found" time="0.301" /><testcase classname="tests.test_meetings" name="test_create_meeting_room_time_conflict" time="0.291" /><testcase classname="tests.test_meetings" name="test_create_meeting_cancelled_no_conflict" time="0.289" /><testcase classname="tests.test_meetings" name="test_list_meetings" time="0.339" /><testcase classname="tests.test_meetings" name="test_list_meetings_date_filter" time="0.276" /><testcase classname="tests.test_meetings" name="test_get_meeting_detail" time="0.264" /><testcase classname="tests.test_meetings" name="test_get_meeting_not_found" time="0.223" /><testcase classname="tests.test_meetings" name="test_join_meeting" time="0.233" /><testcase classname="tests.test_meetings" name="test_join_meeting_upsert" time="0.274" /><testcase classname="tests.test_meetings" name="test_list_participants" time="0.285" /><testcase classname="tests.test_meetings" name="test_unauthenticated_401" time="0.232" /><testcase classname="tests.test_meeting_minutes" name="test_create_minute_success" time="0.303" /><testcase classname="tests.test_meeting_minutes" name="test_create_minute_meeting_not_found" time="0.239" /><testcase classname="tests.test_meeting_minutes" name="test_create_minute_duplicate_409" time="0.242" /><testcase classname="tests.test_meeting_minutes" name="test_list_minutes" time="0.299" /><testcase classname="tests.test_meeting_minutes" name="test_list_minutes_filter_by_meeting" time="0.238" /><testcase classname="tests.test_meeting_minutes" name="test_get_minute_detail" time="0.257" /><testcase classname="tests.test_meeting_minutes" name="test_get_minute_not_found" time="0.216" /><testcase classname="tests.test_meeting_minutes" name="test_patch_minute" time="0.287" /><testcase classname="tests.test_meeting_minutes" name="test_finalize_minute" time="0.272" /><testcase classname="tests.test_meeting_minutes" name="test_finalize_already_finalized_409" time="0.275" /><testcase classname="tests.test_meeting_minutes" name="test_patch_finalized_409" time="0.240" /><testcase classname="tests.test_meeting_minutes" name="test_stt_draft_501" time="0.224" /><testcase classname="tests.test_meeting_minutes" name="test_create_action_item" time="0.309" /><testcase classname="tests.test_meeting_minutes" name="test_list_action_items" time="0.318" /><testcase classname="tests.test_meeting_minutes" name="test_patch_action_item_complete_transition" time="0.287" /><testcase classname="tests.test_meeting_minutes" name="test_patch_action_item_fields" time="0.277" /><testcase classname="tests.test_meeting_minutes" name="test_action_item_not_found" time="0.257" /><testcase classname="tests.test_meeting_minutes" name="test_patch_minute_other_user_forbidden" time="0.290" /></testsuite></testsuites>