<?xml version="1.0" encoding="utf-8"?><testsuites name="pytest tests"><testsuite name="pytest" errors="0" failures="0" skipped="0" tests="21" time="8.215" timestamp="2026-07-06T15:17:47.772754+09:00" hostname="DESKTOP-JS516ER"><testcase classname="tests.test_work_logs" name="test_create_own" time="0.598" /><testcase classname="tests.test_work_logs" name="test_create_for_other_as_admin" time="0.318" /><testcase classname="tests.test_work_logs" name="test_create_for_other_as_employee_forbidden" time="0.345" /><testcase classname="tests.test_work_logs" name="test_list_own" time="0.407" /><testcase classname="tests.test_work_logs" name="test_filter_date_range" time="0.417" /><testcase classname="tests.test_work_logs" name="test_filter_category" time="0.274" /><testcase classname="tests.test_work_logs" name="test_filter_status" time="0.370" /><testcase classname="tests.test_work_logs" name="test_get_own" time="0.611" /><testcase classname="tests.test_work_logs" name="test_get_other_as_employee_forbidden" time="0.332" /><testcase classname="tests.test_work_logs" name="test_get_other_as_admin" time="0.379" /><testcase classname="tests.test_work_logs" name="test_patch_fields" time="0.359" /><testcase classname="tests.test_work_logs" name="test_patch_completed_transition" time="0.315" /><testcase classname="tests.test_work_logs" name="test_patch_uncomplete_clears_completed_at" time="0.286" /><testcase classname="tests.test_work_logs" name="test_delete_started" time="0.312" /><testcase classname="tests.test_work_logs" name="test_delete_completed_blocked" time="0.249" /><testcase classname="tests.test_work_logs" name="test_delete_other_as_employee_forbidden" time="0.318" /><testcase classname="tests.test_work_logs" name="test_summary_daily" time="0.486" /><testcase classname="tests.test_work_logs" name="test_summary_monthly" time="0.271" /><testcase classname="tests.test_work_logs" name="test_summary_invalid_period_type" time="0.252" /><testcase classname="tests.test_work_logs" name="test_create_completed_sets_completed_at" time="0.274" /><testcase classname="tests.test_work_logs" name="test_leader_can_read_other" time="0.354" /></testsuite></testsuites>