<?xml version="1.0" encoding="utf-8"?><testsuites name="pytest tests"><testsuite name="pytest" errors="0" failures="0" skipped="0" tests="50" time="15.203" timestamp="2026-07-06T15:18:15.167103+09:00" hostname="DESKTOP-JS516ER"><testcase classname="tests.test_kpi_engine" name="test_parse_period_daily" time="0.001" /><testcase classname="tests.test_kpi_engine" name="test_parse_period_quarterly" time="0.001" /><testcase classname="tests.test_kpi_engine" name="test_parse_period_quarterly_q1" time="0.001" /><testcase classname="tests.test_kpi_engine" name="test_parse_period_invalid_quarterly" time="0.001" /><testcase classname="tests.test_kpi_engine" name="test_collaboration_score_zero_inputs" time="0.001" /><testcase classname="tests.test_kpi_engine" name="test_collaboration_score_max_inputs" time="0.000" /><testcase classname="tests.test_kpi_engine" name="test_collaboration_score_weights" time="0.001" /><testcase classname="tests.test_kpi_engine" name="test_collaboration_score_bounded" time="0.000" /><testcase classname="tests.test_kpi_engine" name="test_determinism_empty" time="0.362" /><testcase classname="tests.test_kpi_engine" name="test_determinism_with_data" time="0.271" /><testcase classname="tests.test_kpi_engine" name="test_work_completed_count_only_completed" time="0.273" /><testcase classname="tests.test_kpi_engine" name="test_work_completed_count_date_filter" time="0.252" /><testcase classname="tests.test_kpi_engine" name="test_work_quality_score_full" time="0.239" /><testcase classname="tests.test_kpi_engine" name="test_work_quality_score_no_result_url" time="0.253" /><testcase classname="tests.test_kpi_engine" name="test_work_quality_score_empty_fields" time="0.272" /><testcase classname="tests.test_kpi_engine" name="test_work_quality_score_no_time_proportion" time="0.238" /><testcase classname="tests.test_kpi_engine" name="test_minutes_authored_count" time="0.221" /><testcase classname="tests.test_kpi_engine" name="test_minutes_authored_no_attendance_bonus" time="0.245" /><testcase classname="tests.test_kpi_engine" name="test_action_items_completed_and_ontime_rate" time="0.288" /><testcase classname="tests.test_kpi_engine" name="test_action_items_no_creation_bonus" time="0.303" /><testcase classname="tests.test_kpi_engine" name="test_d14_no_attendance_based_score" time="0.312" /><testcase classname="tests.test_kpi_engine" name="test_d14_no_time_proportion" time="0.269" /><testcase classname="tests.test_kpi_engine" name="test_upsert_creates_8_rows" time="0.643" /><testcase classname="tests.test_kpi_engine" name="test_upsert_idempotent" time="0.537" /><testcase classname="tests.test_kpi_engine" name="test_upsert_value_updated" time="0.699" /><testcase classname="tests.test_kpi_engine" name="test_upsert_ai_draft_empty" time="0.443" /><testcase classname="tests.test_kpi_engine" name="test_quarterly_compute" time="0.464" /><testcase classname="tests.test_kpi_api" name="test_compute_admin_success" time="0.468" /><testcase classname="tests.test_kpi_api" name="test_compute_employee_forbidden" time="0.217" /><testcase classname="tests.test_kpi_api" name="test_compute_invalid_period_type" time="0.226" /><testcase classname="tests.test_kpi_api" name="test_compute_deterministic_via_api" time="0.356" /><testcase classname="tests.test_kpi_api" name="test_list_own_results" time="0.361" /><testcase classname="tests.test_kpi_api" name="test_list_others_forbidden_for_employee" time="0.342" /><testcase classname="tests.test_kpi_api" name="test_admin_can_list_others" time="0.284" /><testcase classname="tests.test_kpi_api" name="test_get_single_result" time="0.322" /><testcase classname="tests.test_kpi_api" name="test_get_not_found" time="0.204" /><testcase classname="tests.test_kpi_api" name="test_adjust_admin" time="0.337" /><testcase classname="tests.test_kpi_api" name="test_adjust_employee_forbidden" time="0.318" /><testcase classname="tests.test_kpi_api" name="test_finalize_sets_final_score" time="0.384" /><testcase classname="tests.test_kpi_api" name="test_finalize_uses_adjusted_score" time="0.387" /><testcase classname="tests.test_kpi_api" name="test_finalize_creates_daily_status_push" time="0.331" /><testcase classname="tests.test_kpi_api" name="test_finalize_idempotent_rejected" time="0.365" /><testcase classname="tests.test_kpi_api" name="test_objection_submit" time="0.354" /><testcase classname="tests.test_kpi_api" name="test_objection_advance_to_reviewing" time="0.335" /><testcase classname="tests.test_kpi_api" name="test_objection_resolve" time="0.380" /><testcase classname="tests.test_kpi_api" name="test_objection_invalid_state_advance" time="0.342" /><testcase classname="tests.test_kpi_api" name="test_objection_not_finalized" time="0.306" /><testcase classname="tests.test_kpi_api" name="test_objection_other_user_forbidden" time="0.349" /><testcase classname="tests.test_kpi_api" name="test_objection_invalid_action" time="0.482" /><testcase classname="tests.test_kpi_api" name="test_filter_by_period_type_and_key" time="0.403" /></testsuite></testsuites>