<?xml version="1.0" encoding="utf-8"?><testsuites name="pytest tests"><testsuite name="pytest" errors="0" failures="0" skipped="0" tests="8" time="3.006" timestamp="2026-07-06T22:09:12.500839+09:00" hostname="DESKTOP-JS516ER"><testcase classname="tests.test_seat_meeting_crud" name="test_seat_create_admin" time="0.415" /><testcase classname="tests.test_seat_meeting_crud" name="test_seat_create_forbidden_employee" time="0.269" /><testcase classname="tests.test_seat_meeting_crud" name="test_seat_update_and_delete" time="0.259" /><testcase classname="tests.test_seat_meeting_crud" name="test_meeting_update" time="0.246" /><testcase classname="tests.test_seat_meeting_crud" name="test_meeting_update_forbidden_employee" time="0.275" /><testcase classname="tests.test_seat_meeting_crud" name="test_meeting_update_time_conflict" time="0.322" /><testcase classname="tests.test_seat_meeting_crud" name="test_meeting_cancel" time="0.339" /><testcase classname="tests.test_seat_meeting_crud" name="test_floors_endpoint" time="0.363" /></testsuite></testsuites>