<?xml version="1.0" encoding="utf-8"?><testsuites name="pytest tests"><testsuite name="pytest" errors="0" failures="0" skipped="0" tests="5" time="1.887" timestamp="2026-07-06T21:53:14.584019+09:00" hostname="DESKTOP-JS516ER"><testcase classname="tests.test_directory_audit" name="test_list_teams" time="0.418" /><testcase classname="tests.test_directory_audit" name="test_list_org_groups" time="0.300" /><testcase classname="tests.test_directory_audit" name="test_get_objection_none_owner" time="0.251" /><testcase classname="tests.test_directory_audit" name="test_get_objection_forbidden_other_user" time="0.246" /><testcase classname="tests.test_directory_audit" name="test_audit_logs_admin_only" time="0.260" /></testsuite></testsuites>