<?xml version="1.0" encoding="utf-8"?><testsuites name="pytest tests"><testsuite name="pytest" errors="0" failures="0" skipped="0" tests="8" time="2.907" timestamp="2026-07-06T22:45:37.804619+09:00" hostname="DESKTOP-JS516ER"><testcase classname="tests.test_layouts_sync" name="test_layout_create_list_get" time="0.431" /><testcase classname="tests.test_layouts_sync" name="test_layout_validate_blocks_on_errors" time="0.374" /><testcase classname="tests.test_layouts_sync" name="test_layout_deploy_requires_validated" time="0.313" /><testcase classname="tests.test_layouts_sync" name="test_layout_deploy_and_rollback" time="0.337" /><testcase classname="tests.test_layouts_sync" name="test_layout_rbac" time="0.239" /><testcase classname="tests.test_layouts_sync" name="test_erp_sync_status" time="0.225" /><testcase classname="tests.test_layouts_sync" name="test_erp_sync_failures" time="0.289" /><testcase classname="tests.test_layouts_sync" name="test_erp_sync_status_rbac" time="0.236" /></testsuite></testsuites>