<?xml version="1.0" encoding="utf-8"?><testsuites name="pytest tests"><testsuite name="pytest" errors="0" failures="0" skipped="0" tests="15" time="3.503" timestamp="2026-07-06T12:56:27.857082+09:00" hostname="DESKTOP-JS516ER"><testcase classname="tests.test_erp_sync" name="test_factory_selects_mock_when_no_url" time="0.001" /><testcase classname="tests.test_erp_sync" name="test_factory_selects_postgres_when_url_given" time="0.022" /><testcase classname="tests.test_erp_sync" name="test_services_erp_sync_public_api" time="0.062" /><testcase classname="tests.test_erp_sync" name="test_mock_reader_company_scope" time="0.003" /><testcase classname="tests.test_erp_sync" name="test_mock_reader_org_groups" time="0.003" /><testcase classname="tests.test_erp_sync" name="test_mock_reader_read_through_attendances_leaves" time="0.003" /><testcase classname="tests.test_erp_sync" name="test_sync_creates_users" time="0.488" /><testcase classname="tests.test_erp_sync" name="test_sync_creates_initial_team_history" time="0.278" /><testcase classname="tests.test_erp_sync" name="test_sync_is_idempotent" time="0.311" /><testcase classname="tests.test_erp_sync" name="test_sync_idempotent_no_duplicate_history" time="0.322" /><testcase classname="tests.test_erp_sync" name="test_sync_updates_changed_fields" time="0.265" /><testcase classname="tests.test_erp_sync" name="test_sync_records_team_movement" time="0.270" /><testcase classname="tests.test_erp_sync" name="test_sync_team_history_no_spurious_close_on_no_change" time="0.381" /><testcase classname="tests.test_erp_sync" name="test_sync_soft_deletes_missing_user" time="0.340" /><testcase classname="tests.test_erp_sync" name="test_sync_unknown_role_falls_back_to_employee" time="0.296" /></testsuite></testsuites>