<?xml version="1.0" encoding="utf-8"?><testsuites name="pytest tests"><testsuite name="pytest" errors="0" failures="0" skipped="0" tests="24" time="0.873" timestamp="2026-07-06T12:56:22.658648+09:00" hostname="DESKTOP-JS516ER"><testcase classname="tests.test_wa_presence_integration.TestWaPresenceEndpointMapping" name="test_desk_enter_zone_returns_working" time="0.065" /><testcase classname="tests.test_wa_presence_integration.TestWaPresenceEndpointMapping" name="test_meeting_room_enter_zone_returns_meeting" time="0.009" /><testcase classname="tests.test_wa_presence_integration.TestWaPresenceEndpointMapping" name="test_focus_room_enter_zone_returns_focus" time="0.008" /><testcase classname="tests.test_wa_presence_integration.TestWaPresenceEndpointMapping" name="test_idle_event_returns_away" time="0.008" /><testcase classname="tests.test_wa_presence_integration.TestWaPresenceEndpointMapping" name="test_connect_event_returns_online" time="0.009" /><testcase classname="tests.test_wa_presence_integration.TestWaPresenceEndpointMapping" name="test_disconnect_event_returns_offline" time="0.007" /><testcase classname="tests.test_wa_presence_integration.TestWaPresenceEndpointMapping" name="test_desk_leave_zone_returns_online" time="0.009" /><testcase classname="tests.test_wa_presence_integration.TestWaPresenceEndpointMapping" name="test_variable_focus_returns_focus" time="0.007" /><testcase classname="tests.test_wa_presence_integration.TestWaPresenceEndpointMapping" name="test_unknown_kind_returns_422" time="0.007" /><testcase classname="tests.test_wa_presence_integration.TestWaPresenceEndpointMapping" name="test_unmapped_event_returns_none_resolved_status" time="0.008" /><testcase classname="tests.test_wa_presence_integration.TestPresenceJsExists" name="test_presence_js_file_exists" time="0.012" /><testcase classname="tests.test_wa_presence_integration.TestPresenceJsExists" name="test_presence_js_contains_wa_oninit" time="0.012" /><testcase classname="tests.test_wa_presence_integration.TestPresenceJsExists" name="test_presence_js_contains_on_enter_zone" time="0.013" /><testcase classname="tests.test_wa_presence_integration.TestPresenceJsExists" name="test_presence_js_contains_on_leave_zone" time="0.011" /><testcase classname="tests.test_wa_presence_integration.TestPresenceJsExists" name="test_presence_js_no_gps_code" time="0.011" /><testcase classname="tests.test_wa_presence_integration.TestPresenceJsExists" name="test_presence_js_contains_idle_detection" time="0.011" /><testcase classname="tests.test_wa_presence_integration.TestPresenceJsExists" name="test_presence_js_posts_to_backend" time="0.012" /><testcase classname="tests.test_wa_presence_integration.TestMapGeneratorScriptProperty" name="test_tmj_has_script_property" time="0.001" /><testcase classname="tests.test_wa_presence_integration.TestMapGeneratorScriptProperty" name="test_script_property_value_points_to_presence_js" time="0.001" /><testcase classname="tests.test_wa_presence_integration.TestMapGeneratorScriptProperty" name="test_script_property_type_is_string" time="0.001" /><testcase classname="tests.test_wa_presence_integration.TestMapGeneratorZoneTypeProperty" name="test_zone_has_zone_type_property" time="0.001" /><testcase classname="tests.test_wa_presence_integration.TestMapGeneratorZoneTypeProperty" name="test_team_zone_type_is_desk" time="0.001" /><testcase classname="tests.test_wa_presence_integration.TestMapGeneratorZoneTypeProperty" name="test_multi_team_all_zones_have_zone_type" time="0.001" /><testcase classname="tests.test_wa_presence_integration.TestMapGeneratorZoneTypeProperty" name="test_zone_also_retains_existing_zone_property" time="0.001" /></testsuite></testsuites>