<?xml version="1.0" encoding="utf-8"?><testsuites name="pytest tests"><testsuite name="pytest" errors="0" failures="0" skipped="0" tests="25" time="21.165" timestamp="2026-07-02T21:46:29.124255+09:00" hostname="WJ"><testcase classname="tests.contract.test_management_api_stubs.TestAuthAPI" name="test_auth_login_success" time="1.802" /><testcase classname="tests.contract.test_management_api_stubs.TestAuthAPI" name="test_auth_login_invalid_password" time="1.643" /><testcase classname="tests.contract.test_management_api_stubs.TestAuthAPI" name="test_auth_login_nonexistent_user" time="0.350" /><testcase classname="tests.contract.test_management_api_stubs.TestAuthAPI" name="test_auth_login_missing_email" time="0.368" /><testcase classname="tests.contract.test_management_api_stubs.TestAuthAPI" name="test_auth_refresh_token" time="1.934" /><testcase classname="tests.redteam.test_auth_redteam" name="test_tampered_signature_rejected" time="0.359" /><testcase classname="tests.redteam.test_auth_redteam" name="test_expired_token_rejected" time="0.353" /><testcase classname="tests.redteam.test_auth_redteam" name="test_alg_none_token_rejected" time="0.324" /><testcase classname="tests.redteam.test_auth_redteam" name="test_wrong_secret_token_rejected" time="0.317" /><testcase classname="tests.redteam.test_auth_redteam" name="test_missing_authorization_header_rejected" time="0.338" /><testcase classname="tests.redteam.test_auth_redteam" name="test_sql_injection_login_rejected_safely" time="0.932" /><testcase classname="tests.redteam.test_auth_redteam" name="test_sql_injection_does_not_bypass_with_valid_looking_password" time="0.874" /><testcase classname="tests.redteam.test_auth_redteam" name="test_correct_email_wrong_password_rejected" time="1.557" /><testcase classname="tests.redteam.test_auth_redteam" name="test_nonexistent_email_rejected_with_same_message" time="1.033" /><testcase classname="tests.redteam.test_auth_redteam" name="test_wrong_password_and_nonexistent_email_share_identical_response" time="1.572" /><testcase classname="tests.redteam.test_auth_redteam" name="test_empty_password_rejected_400" time="0.937" /><testcase classname="tests.redteam.test_auth_redteam" name="test_whitespace_password_treated_as_missing_or_rejected" time="2.061" /><testcase classname="tests.redteam.test_auth_redteam" name="test_missing_email_field_rejected_400" time="0.610" /><testcase classname="tests.redteam.test_auth_redteam" name="test_missing_password_field_rejected_400" time="0.463" /><testcase classname="tests.redteam.test_auth_redteam" name="test_refresh_with_garbage_string_rejected" time="0.314" /><testcase classname="tests.redteam.test_auth_redteam" name="test_refresh_with_empty_token_rejected" time="0.313" /><testcase classname="tests.redteam.test_auth_redteam" name="test_refresh_missing_field_rejected" time="0.316" /><testcase classname="tests.redteam.test_auth_redteam" name="test_refresh_with_valid_token_issues_new_tokens" time="0.346" /><testcase classname="tests.redteam.test_auth_redteam" name="test_refresh_with_expired_refresh_token_rejected" time="0.316" /><testcase classname="tests.redteam.test_auth_redteam" name="test_login_success_does_not_leak_sensitive_fields" time="1.463" /></testsuite></testsuites>